build/app/intermediates/manifest_merge_blame_file/debug/manifest-merger-blame-debug-report.txt
1<?xml version="1.0" encoding="utf-8"?>
2<manifest xmlns:android="http://schemas.android.com/apk/res/android"
3    package="com.example.emi_arias"
4    android:versionCode="1"
5    android:versionName="1.0.0" >
6
7    <uses-sdk
8        android:minSdkVersion="21"
9        android:targetSdkVersion="34" />
10    <!--
11         The INTERNET permission is required for development. Specifically,
12         the Flutter tool needs it to communicate with the running application
13         to allow setting breakpoints, to provide hot reload, etc.
14    -->
15    <uses-permission android:name="android.permission.INTERNET" />
15-->src\debug\AndroidManifest.xml:6:5-66
15-->src\debug\AndroidManifest.xml:6:22-64
16    <!--
17     Required to query activities that can process text, see:
18         https://developer.android.com/training/package-visibility and
19         https://developer.android.com/reference/android/content/Intent#ACTION_PROCESS_TEXT.
20
21         In particular, this is used by the Flutter engine in io.flutter.plugin.text.ProcessTextPlugin.
22    -->
23    <queries>
23-->src\main\AndroidManifest.xml:39:5-44:15
24        <intent>
24-->src\main\AndroidManifest.xml:40:9-43:18
25            <action android:name="android.intent.action.PROCESS_TEXT" />
25-->src\main\AndroidManifest.xml:41:13-72
25-->src\main\AndroidManifest.xml:41:21-70
26
27            <data android:mimeType="text/plain" />
27-->src\main\AndroidManifest.xml:42:13-50
27-->src\main\AndroidManifest.xml:42:19-48
28        </intent>
29    </queries> <!-- Although the *SdkVersion is captured in gradle build files, this is required for non gradle builds -->
30    <!-- <uses-sdk android:minSdkVersion="21" /> -->
31    <uses-permission android:name="android.permission.ACCESS_NETWORK_STATE" />
31-->[com.google.firebase:firebase-firestore:25.1.1] AndroidManifest.xml:10:5-79
31-->[com.google.firebase:firebase-firestore:25.1.1] AndroidManifest.xml:10:22-76
32
33    <permission
33-->[androidx.core:core:1.13.1] AndroidManifest.xml:22:5-24:47
34        android:name="com.example.emi_arias.DYNAMIC_RECEIVER_NOT_EXPORTED_PERMISSION"
34-->[androidx.core:core:1.13.1] AndroidManifest.xml:23:9-81
35        android:protectionLevel="signature" />
35-->[androidx.core:core:1.13.1] AndroidManifest.xml:24:9-44
36
37    <uses-permission android:name="com.example.emi_arias.DYNAMIC_RECEIVER_NOT_EXPORTED_PERMISSION" />
37-->[androidx.core:core:1.13.1] AndroidManifest.xml:26:5-97
37-->[androidx.core:core:1.13.1] AndroidManifest.xml:26:22-94
38
39    <application
40        android:name="android.app.Application"
41        android:appComponentFactory="androidx.core.app.CoreComponentFactory"
41-->[androidx.core:core:1.13.1] AndroidManifest.xml:28:18-86
42        android:debuggable="true"
43        android:extractNativeLibs="true"
44        android:icon="@mipmap/ic_launcher"
45        android:label="emi_arias" >
46        <activity
47            android:name="com.example.emi_arias.MainActivity"
48            android:configChanges="orientation|keyboardHidden|keyboard|screenSize|smallestScreenSize|locale|layoutDirection|fontScale|screenLayout|density|uiMode"
49            android:exported="true"
50            android:hardwareAccelerated="true"
51            android:launchMode="singleTop"
52            android:taskAffinity=""
53            android:theme="@style/LaunchTheme"
54            android:windowSoftInputMode="adjustResize" >
55
56            <!--
57                 Specifies an Android theme to apply to this Activity as soon as
58                 the Android process has started. This theme is visible to the user
59                 while the Flutter UI initializes. After that, this theme continues
60                 to determine the Window background behind the Flutter UI.
61            -->
62            <meta-data
63                android:name="io.flutter.embedding.android.NormalTheme"
64                android:resource="@style/NormalTheme" />
65
66            <intent-filter>
67                <action android:name="android.intent.action.MAIN" />
68
69                <category android:name="android.intent.category.LAUNCHER" />
70            </intent-filter>
71        </activity>
72        <!--
73             Don't delete the meta-data below.
74             This is used by the Flutter tool to generate GeneratedPluginRegistrant.java
75        -->
76        <meta-data
77            android:name="flutterEmbedding"
78            android:value="2" />
79
80        <service
80-->[:cloud_firestore] AndroidManifest.xml:8:9-12:19
81            android:name="com.google.firebase.components.ComponentDiscoveryService"
81-->[:cloud_firestore] AndroidManifest.xml:8:18-89
82            android:directBootAware="true"
82-->[com.google.firebase:firebase-common:21.0.0] AndroidManifest.xml:32:13-43
83            android:exported="false" >
83-->[com.google.firebase:firebase-firestore:25.1.1] AndroidManifest.xml:16:13-37
84            <meta-data
84-->[:cloud_firestore] AndroidManifest.xml:9:13-11:85
85                android:name="com.google.firebase.components:io.flutter.plugins.firebase.firestore.FlutterFirebaseFirestoreRegistrar"
85-->[:cloud_firestore] AndroidManifest.xml:10:17-134
86                android:value="com.google.firebase.components.ComponentRegistrar" />
86-->[:cloud_firestore] AndroidManifest.xml:11:17-82
87            <meta-data
87-->[:firebase_storage] AndroidManifest.xml:9:13-11:85
88                android:name="com.google.firebase.components:io.flutter.plugins.firebase.storage.FlutterFirebaseAppRegistrar"
88-->[:firebase_storage] AndroidManifest.xml:10:17-126
89                android:value="com.google.firebase.components.ComponentRegistrar" />
89-->[:firebase_storage] AndroidManifest.xml:11:17-82
90            <meta-data
90-->[:firebase_core] AndroidManifest.xml:9:13-11:85
91                android:name="com.google.firebase.components:io.flutter.plugins.firebase.core.FlutterFirebaseCoreRegistrar"
91-->[:firebase_core] AndroidManifest.xml:10:17-124
92                android:value="com.google.firebase.components.ComponentRegistrar" />
92-->[:firebase_core] AndroidManifest.xml:11:17-82
93            <meta-data
93-->[com.google.firebase:firebase-firestore:25.1.1] AndroidManifest.xml:17:13-19:85
94                android:name="com.google.firebase.components:com.google.firebase.firestore.FirebaseFirestoreKtxRegistrar"
94-->[com.google.firebase:firebase-firestore:25.1.1] AndroidManifest.xml:18:17-122
95                android:value="com.google.firebase.components.ComponentRegistrar" />
95-->[com.google.firebase:firebase-firestore:25.1.1] AndroidManifest.xml:19:17-82
96            <meta-data
96-->[com.google.firebase:firebase-firestore:25.1.1] AndroidManifest.xml:20:13-22:85
97                android:name="com.google.firebase.components:com.google.firebase.firestore.FirestoreRegistrar"
97-->[com.google.firebase:firebase-firestore:25.1.1] AndroidManifest.xml:21:17-111
98                android:value="com.google.firebase.components.ComponentRegistrar" />
98-->[com.google.firebase:firebase-firestore:25.1.1] AndroidManifest.xml:22:17-82
99            <meta-data
99-->[com.google.firebase:firebase-storage:21.0.1] AndroidManifest.xml:30:13-32:85
100                android:name="com.google.firebase.components:com.google.firebase.storage.FirebaseStorageKtxRegistrar"
100-->[com.google.firebase:firebase-storage:21.0.1] AndroidManifest.xml:31:17-118
101                android:value="com.google.firebase.components.ComponentRegistrar" />
101-->[com.google.firebase:firebase-storage:21.0.1] AndroidManifest.xml:32:17-82
102            <meta-data
102-->[com.google.firebase:firebase-storage:21.0.1] AndroidManifest.xml:33:13-35:85
103                android:name="com.google.firebase.components:com.google.firebase.storage.StorageRegistrar"
103-->[com.google.firebase:firebase-storage:21.0.1] AndroidManifest.xml:34:17-107
104                android:value="com.google.firebase.components.ComponentRegistrar" />
104-->[com.google.firebase:firebase-storage:21.0.1] AndroidManifest.xml:35:17-82
105            <meta-data
105-->[com.google.firebase:firebase-appcheck:18.0.0] AndroidManifest.xml:25:13-27:85
106                android:name="com.google.firebase.components:com.google.firebase.appcheck.FirebaseAppCheckKtxRegistrar"
106-->[com.google.firebase:firebase-appcheck:18.0.0] AndroidManifest.xml:26:17-120
107                android:value="com.google.firebase.components.ComponentRegistrar" />
107-->[com.google.firebase:firebase-appcheck:18.0.0] AndroidManifest.xml:27:17-82
108            <meta-data
108-->[com.google.firebase:firebase-appcheck:18.0.0] AndroidManifest.xml:28:13-30:85
109                android:name="com.google.firebase.components:com.google.firebase.appcheck.FirebaseAppCheckRegistrar"
109-->[com.google.firebase:firebase-appcheck:18.0.0] AndroidManifest.xml:29:17-117
110                android:value="com.google.firebase.components.ComponentRegistrar" />
110-->[com.google.firebase:firebase-appcheck:18.0.0] AndroidManifest.xml:30:17-82
111            <meta-data
111-->[com.google.firebase:firebase-common-ktx:21.0.0] AndroidManifest.xml:12:13-14:85
112                android:name="com.google.firebase.components:com.google.firebase.ktx.FirebaseCommonLegacyRegistrar"
112-->[com.google.firebase:firebase-common-ktx:21.0.0] AndroidManifest.xml:13:17-116
113                android:value="com.google.firebase.components.ComponentRegistrar" />
113-->[com.google.firebase:firebase-common-ktx:21.0.0] AndroidManifest.xml:14:17-82
114            <meta-data
114-->[com.google.firebase:firebase-common:21.0.0] AndroidManifest.xml:35:13-37:85
115                android:name="com.google.firebase.components:com.google.firebase.FirebaseCommonKtxRegistrar"
115-->[com.google.firebase:firebase-common:21.0.0] AndroidManifest.xml:36:17-109
116                android:value="com.google.firebase.components.ComponentRegistrar" />
116-->[com.google.firebase:firebase-common:21.0.0] AndroidManifest.xml:37:17-82
117        </service>
118
119        <activity
119-->[:url_launcher_android] AndroidManifest.xml:8:9-11:74
120            android:name="io.flutter.plugins.urllauncher.WebViewActivity"
120-->[:url_launcher_android] AndroidManifest.xml:9:13-74
121            android:exported="false"
121-->[:url_launcher_android] AndroidManifest.xml:10:13-37
122            android:theme="@android:style/Theme.NoTitleBar.Fullscreen" />
122-->[:url_launcher_android] AndroidManifest.xml:11:13-71
123
124        <uses-library
124-->[androidx.window:window:1.2.0] AndroidManifest.xml:23:9-25:40
125            android:name="androidx.window.extensions"
125-->[androidx.window:window:1.2.0] AndroidManifest.xml:24:13-54
126            android:required="false" />
126-->[androidx.window:window:1.2.0] AndroidManifest.xml:25:13-37
127        <uses-library
127-->[androidx.window:window:1.2.0] AndroidManifest.xml:26:9-28:40
128            android:name="androidx.window.sidecar"
128-->[androidx.window:window:1.2.0] AndroidManifest.xml:27:13-51
129            android:required="false" />
129-->[androidx.window:window:1.2.0] AndroidManifest.xml:28:13-37
130
131        <provider
131-->[com.google.firebase:firebase-common:21.0.0] AndroidManifest.xml:23:9-28:39
132            android:name="com.google.firebase.provider.FirebaseInitProvider"
132-->[com.google.firebase:firebase-common:21.0.0] AndroidManifest.xml:24:13-77
133            android:authorities="com.example.emi_arias.firebaseinitprovider"
133-->[com.google.firebase:firebase-common:21.0.0] AndroidManifest.xml:25:13-72
134            android:directBootAware="true"
134-->[com.google.firebase:firebase-common:21.0.0] AndroidManifest.xml:26:13-43
135            android:exported="false"
135-->[com.google.firebase:firebase-common:21.0.0] AndroidManifest.xml:27:13-37
136            android:initOrder="100" />
136-->[com.google.firebase:firebase-common:21.0.0] AndroidManifest.xml:28:13-36
137
138        <activity
138-->[com.google.android.gms:play-services-base:18.1.0] AndroidManifest.xml:20:9-22:45
139            android:name="com.google.android.gms.common.api.GoogleApiActivity"
139-->[com.google.android.gms:play-services-base:18.1.0] AndroidManifest.xml:20:19-85
140            android:exported="false"
140-->[com.google.android.gms:play-services-base:18.1.0] AndroidManifest.xml:22:19-43
141            android:theme="@android:style/Theme.Translucent.NoTitleBar" />
141-->[com.google.android.gms:play-services-base:18.1.0] AndroidManifest.xml:21:19-78
142
143        <provider
143-->[androidx.lifecycle:lifecycle-process:2.7.0] AndroidManifest.xml:24:9-32:20
144            android:name="androidx.startup.InitializationProvider"
144-->[androidx.lifecycle:lifecycle-process:2.7.0] AndroidManifest.xml:25:13-67
145            android:authorities="com.example.emi_arias.androidx-startup"
145-->[androidx.lifecycle:lifecycle-process:2.7.0] AndroidManifest.xml:26:13-68
146            android:exported="false" >
146-->[androidx.lifecycle:lifecycle-process:2.7.0] AndroidManifest.xml:27:13-37
147            <meta-data
147-->[androidx.lifecycle:lifecycle-process:2.7.0] AndroidManifest.xml:29:13-31:52
148                android:name="androidx.lifecycle.ProcessLifecycleInitializer"
148-->[androidx.lifecycle:lifecycle-process:2.7.0] AndroidManifest.xml:30:17-78
149                android:value="androidx.startup" />
149-->[androidx.lifecycle:lifecycle-process:2.7.0] AndroidManifest.xml:31:17-49
150            <meta-data
150-->[androidx.profileinstaller:profileinstaller:1.3.1] AndroidManifest.xml:29:13-31:52
151                android:name="androidx.profileinstaller.ProfileInstallerInitializer"
151-->[androidx.profileinstaller:profileinstaller:1.3.1] AndroidManifest.xml:30:17-85
152                android:value="androidx.startup" />
152-->[androidx.profileinstaller:profileinstaller:1.3.1] AndroidManifest.xml:31:17-49
153        </provider>
154
155        <meta-data
155-->[com.google.android.gms:play-services-basement:18.3.0] AndroidManifest.xml:21:9-23:69
156            android:name="com.google.android.gms.version"
156-->[com.google.android.gms:play-services-basement:18.3.0] AndroidManifest.xml:22:13-58
157            android:value="@integer/google_play_services_version" />
157-->[com.google.android.gms:play-services-basement:18.3.0] AndroidManifest.xml:23:13-66
158
159        <receiver
159-->[androidx.profileinstaller:profileinstaller:1.3.1] AndroidManifest.xml:34:9-52:20
160            android:name="androidx.profileinstaller.ProfileInstallReceiver"
160-->[androidx.profileinstaller:profileinstaller:1.3.1] AndroidManifest.xml:35:13-76
161            android:directBootAware="false"
161-->[androidx.profileinstaller:profileinstaller:1.3.1] AndroidManifest.xml:36:13-44
162            android:enabled="true"
162-->[androidx.profileinstaller:profileinstaller:1.3.1] AndroidManifest.xml:37:13-35
163            android:exported="true"
163-->[androidx.profileinstaller:profileinstaller:1.3.1] AndroidManifest.xml:38:13-36
164            android:permission="android.permission.DUMP" >
164-->[androidx.profileinstaller:profileinstaller:1.3.1] AndroidManifest.xml:39:13-57
165            <intent-filter>
165-->[androidx.profileinstaller:profileinstaller:1.3.1] AndroidManifest.xml:40:13-42:29
166                <action android:name="androidx.profileinstaller.action.INSTALL_PROFILE" />
166-->[androidx.profileinstaller:profileinstaller:1.3.1] AndroidManifest.xml:41:17-91
166-->[androidx.profileinstaller:profileinstaller:1.3.1] AndroidManifest.xml:41:25-88
167            </intent-filter>
168            <intent-filter>
168-->[androidx.profileinstaller:profileinstaller:1.3.1] AndroidManifest.xml:43:13-45:29
169                <action android:name="androidx.profileinstaller.action.SKIP_FILE" />
169-->[androidx.profileinstaller:profileinstaller:1.3.1] AndroidManifest.xml:44:17-85
169-->[androidx.profileinstaller:profileinstaller:1.3.1] AndroidManifest.xml:44:25-82
170            </intent-filter>
171            <intent-filter>
171-->[androidx.profileinstaller:profileinstaller:1.3.1] AndroidManifest.xml:46:13-48:29
172                <action android:name="androidx.profileinstaller.action.SAVE_PROFILE" />
172-->[androidx.profileinstaller:profileinstaller:1.3.1] AndroidManifest.xml:47:17-88
172-->[androidx.profileinstaller:profileinstaller:1.3.1] AndroidManifest.xml:47:25-85
173            </intent-filter>
174            <intent-filter>
174-->[androidx.profileinstaller:profileinstaller:1.3.1] AndroidManifest.xml:49:13-51:29
175                <action android:name="androidx.profileinstaller.action.BENCHMARK_OPERATION" />
175-->[androidx.profileinstaller:profileinstaller:1.3.1] AndroidManifest.xml:50:17-95
175-->[androidx.profileinstaller:profileinstaller:1.3.1] AndroidManifest.xml:50:25-92
176            </intent-filter>
177        </receiver>
178    </application>
179
180</manifest>